[2020-06-25T13:14:05.005Z] [org.springframework.boot.SpringApplication] [main] [651] [INFO ] No active profile set, falling back to default profiles: default
[2020-06-25T13:14:06.006Z] [org.springframework.data.repository.config.RepositoryConfigurationDelegate] [main] [127] [INFO ] Bootstrapping Spring Data JPA repositories in DEFERRED mode.
[2020-06-25T13:14:06.006Z] [org.springframework.data.repository.config.RepositoryConfigurationDelegate] [main] [187] [INFO ] Finished Spring Data repository scanning in 76ms. Found 9 JPA repository interfaces.
[2020-06-25T13:14:06.006Z] [org.springframework.boot.actuate.endpoint.EndpointId] [main] [155] [WARN ] Endpoint ID 'service-registry' contains invalid characters, please migrate to a valid format.
[2020-06-25T13:14:06.006Z] [org.springframework.cloud.context.scope.GenericScope] [main] [295] [INFO ] BeanFactory id=70c9e4f1-542b-3572-98b7-959bc0fc8fba
[2020-06-25T13:14:06.006Z] [org.springframework.context.support.PostProcessorRegistrationDelegate$BeanPostProcessorChecker] [main] [335] [INFO ] Bean 'com.programatori.carservice.client.AuthClient' of type [org.springframework.cloud.openfeign.FeignClientFactoryBean] is not eligible for getting processed by all BeanPostProcessors (for example: not eligible for auto-proxying)
[2020-06-25T13:14:06.006Z] [org.springframework.context.support.PostProcessorRegistrationDelegate$BeanPostProcessorChecker] [main] [335] [INFO ] Bean 'com.programatori.carservice.client.RentalClient' of type [org.springframework.cloud.openfeign.FeignClientFactoryBean] is not eligible for getting processed by all BeanPostProcessors (for example: not eligible for auto-proxying)
[2020-06-25T13:14:06.006Z] [org.springframework.context.support.PostProcessorRegistrationDelegate$BeanPostProcessorChecker] [main] [335] [INFO ] Bean 'org.springframework.security.access.expression.method.DefaultMethodSecurityExpressionHandler@80b122b' of type [org.springframework.security.access.expression.method.DefaultMethodSecurityExpressionHandler] is not eligible for getting processed by all BeanPostProcessors (for example: not eligible for auto-proxying)
[2020-06-25T13:14:06.006Z] [org.springframework.context.support.PostProcessorRegistrationDelegate$BeanPostProcessorChecker] [main] [335] [INFO ] Bean 'methodSecurityMetadataSource' of type [org.springframework.security.access.method.DelegatingMethodSecurityMetadataSource] is not eligible for getting processed by all BeanPostProcessors (for example: not eligible for auto-proxying)
[2020-06-25T13:14:06.006Z] [org.springframework.boot.web.embedded.tomcat.TomcatWebServer] [main] [108] [INFO ] Tomcat initialized with port(s): 8082 (https)
[2020-06-25T13:14:06.006Z] [org.apache.juli.logging.DirectJDKLog] [main] [173] [INFO ] Initializing ProtocolHandler ["https-jsse-nio-8082"]
[2020-06-25T13:14:06.006Z] [org.apache.juli.logging.DirectJDKLog] [main] [173] [INFO ] Starting service [Tomcat]
[2020-06-25T13:14:06.006Z] [org.apache.juli.logging.DirectJDKLog] [main] [173] [INFO ] Starting Servlet engine: [Apache Tomcat/9.0.35]
[2020-06-25T13:14:06.006Z] [org.apache.juli.logging.DirectJDKLog] [main] [173] [INFO ] Initializing Spring embedded WebApplicationContext
[2020-06-25T13:14:06.006Z] [org.springframework.boot.web.servlet.context.ServletWebServerApplicationContext] [main] [284] [INFO ] Root WebApplicationContext: initialization completed in 1400 ms
[2020-06-25T13:14:06.006Z] [com.netflix.config.sources.URLConfigurationSource] [main] [121] [WARN ] No URLs will be polled as dynamic configuration sources.
[2020-06-25T13:14:06.006Z] [com.netflix.config.sources.URLConfigurationSource] [main] [122] [INFO ] To enable URLs as dynamic configuration sources, define System property archaius.configurationSource.additionalUrls or make config.properties available on classpath.
[2020-06-25T13:14:06.006Z] [com.netflix.config.DynamicPropertyFactory] [main] [281] [INFO ] DynamicPropertyFactory is initialized with configuration sources: com.netflix.config.ConcurrentCompositeConfiguration@5d1d9d73
[2020-06-25T13:14:07.007Z] [org.springframework.boot.autoconfigure.orm.jpa.JpaBaseConfiguration$JpaWebConfiguration] [main] [220] [WARN ] spring.jpa.open-in-view is enabled by default. Therefore, database queries may be performed during view rendering. Explicitly configure spring.jpa.open-in-view to disable this warning
[2020-06-25T13:14:07.007Z] [org.springframework.scheduling.concurrent.ExecutorConfigurationSupport] [main] [181] [INFO ] Initializing ExecutorService 'applicationTaskExecutor'
[2020-06-25T13:14:07.007Z] [org.hibernate.jpa.internal.util.LogHelper] [task-1] [31] [INFO ] HHH000204: Processing PersistenceUnitInfo [name: default]
[2020-06-25T13:14:07.007Z] [org.hibernate.Version] [task-1] [44] [INFO ] HHH000412: Hibernate ORM core version 5.4.15.Final
[2020-06-25T13:14:07.007Z] [org.dozer.config.GlobalSettings] [main] [113] [INFO ] Trying to find Dozer configuration file: dozer.properties
[2020-06-25T13:14:07.007Z] [org.dozer.config.GlobalSettings] [main] [118] [WARN ] Dozer configuration file not found: dozer.properties.  Using defaults for all Dozer global properties.
[2020-06-25T13:14:07.007Z] [org.dozer.DozerInitializer] [main] [75] [INFO ] Initializing Dozer. Version: 5.5.0, Thread Name: main
[2020-06-25T13:14:07.007Z] [org.dozer.jmx.JMXPlatformImpl] [main] [66] [INFO ] Dozer JMX MBean [org.dozer.jmx:type=DozerStatisticsController] auto registered with the Platform MBean Server
[2020-06-25T13:14:07.007Z] [org.dozer.jmx.JMXPlatformImpl] [main] [66] [INFO ] Dozer JMX MBean [org.dozer.jmx:type=DozerAdminController] auto registered with the Platform MBean Server
[2020-06-25T13:14:07.007Z] [org.dozer.DozerBeanMapper] [main] [175] [INFO ] Initializing a new instance of dozer bean mapper.
[2020-06-25T13:14:07.007Z] [org.hibernate.annotations.common.reflection.java.JavaReflectionManager] [task-1] [49] [INFO ] HCANN000001: Hibernate Commons Annotations {5.1.0.Final}
[2020-06-25T13:14:07.007Z] [com.zaxxer.hikari.HikariDataSource] [task-1] [110] [INFO ] HikariPool-1 - Starting...
[2020-06-25T13:14:07.007Z] [com.zaxxer.hikari.util.DriverDataSource] [task-1] [70] [WARN ] Registered driver with driverClassName=com.mysql.jdbc.Driver was not found, trying direct instantiation.
[2020-06-25T13:14:07.007Z] [org.springframework.data.repository.config.DeferredRepositoryInitializationListener] [main] [49] [INFO ] Triggering deferred initialization of Spring Data repositories…
[2020-06-25T13:14:07.007Z] [com.zaxxer.hikari.HikariDataSource] [task-1] [123] [INFO ] HikariPool-1 - Start completed.
[2020-06-25T13:14:07.007Z] [org.hibernate.dialect.Dialect] [task-1] [172] [INFO ] HHH000400: Using dialect: org.hibernate.dialect.MySQL55Dialect
[2020-06-25T13:14:08.008Z] [org.hibernate.tool.schema.internal.ExceptionHandlerLoggedImpl] [task-1] [27] [WARN ] GenerationTarget encountered exception accepting command : Error executing DDL "alter table availability_car_service drop foreign key FKf3uvrwwyi12bxotm3nh4em0c3" via JDBC Statement
org.hibernate.tool.schema.spi.CommandAcceptanceException: Error executing DDL "alter table availability_car_service drop foreign key FKf3uvrwwyi12bxotm3nh4em0c3" via JDBC Statement
	at org.hibernate.tool.schema.internal.exec.GenerationTargetToDatabase.accept(GenerationTargetToDatabase.java:67)
	at org.hibernate.tool.schema.internal.SchemaDropperImpl.applySqlString(SchemaDropperImpl.java:375)
	at org.hibernate.tool.schema.internal.SchemaDropperImpl.applySqlStrings(SchemaDropperImpl.java:359)
	at org.hibernate.tool.schema.internal.SchemaDropperImpl.applyConstraintDropping(SchemaDropperImpl.java:331)
	at org.hibernate.tool.schema.internal.SchemaDropperImpl.dropFromMetadata(SchemaDropperImpl.java:230)
	at org.hibernate.tool.schema.internal.SchemaDropperImpl.performDrop(SchemaDropperImpl.java:154)
	at org.hibernate.tool.schema.internal.SchemaDropperImpl.doDrop(SchemaDropperImpl.java:126)
	at org.hibernate.tool.schema.internal.SchemaDropperImpl.doDrop(SchemaDropperImpl.java:112)
	at org.hibernate.tool.schema.spi.SchemaManagementToolCoordinator.performDatabaseAction(SchemaManagementToolCoordinator.java:145)
	at org.hibernate.tool.schema.spi.SchemaManagementToolCoordinator.process(SchemaManagementToolCoordinator.java:73)
	at org.hibernate.internal.SessionFactoryImpl.<init>(SessionFactoryImpl.java:314)
	at org.hibernate.boot.internal.SessionFactoryBuilderImpl.build(SessionFactoryBuilderImpl.java:468)
	at org.hibernate.jpa.boot.internal.EntityManagerFactoryBuilderImpl.build(EntityManagerFactoryBuilderImpl.java:1249)
	at org.springframework.orm.jpa.vendor.SpringHibernateJpaPersistenceProvider.createContainerEntityManagerFactory(SpringHibernateJpaPersistenceProvider.java:58)
	at org.springframework.orm.jpa.LocalContainerEntityManagerFactoryBean.createNativeEntityManagerFactory(LocalContainerEntityManagerFactoryBean.java:365)
	at org.springframework.orm.jpa.AbstractEntityManagerFactoryBean.buildNativeEntityManagerFactory(AbstractEntityManagerFactoryBean.java:391)
	at java.base/java.util.concurrent.FutureTask.run(FutureTask.java:264)
	at java.base/java.util.concurrent.ThreadPoolExecutor.runWorker(ThreadPoolExecutor.java:1128)
	at java.base/java.util.concurrent.ThreadPoolExecutor$Worker.run(ThreadPoolExecutor.java:628)
	at java.base/java.lang.Thread.run(Thread.java:830)
Caused by: java.sql.SQLSyntaxErrorException: Table 'users.availability_car_service' doesn't exist
	at com.mysql.cj.jdbc.exceptions.SQLError.createSQLException(SQLError.java:120)
	at com.mysql.cj.jdbc.exceptions.SQLError.createSQLException(SQLError.java:97)
	at com.mysql.cj.jdbc.exceptions.SQLExceptionsMapping.translateException(SQLExceptionsMapping.java:122)
	at com.mysql.cj.jdbc.StatementImpl.executeInternal(StatementImpl.java:764)
	at com.mysql.cj.jdbc.StatementImpl.execute(StatementImpl.java:648)
	at com.zaxxer.hikari.pool.ProxyStatement.execute(ProxyStatement.java:95)
	at com.zaxxer.hikari.pool.HikariProxyStatement.execute(HikariProxyStatement.java)
	at org.hibernate.tool.schema.internal.exec.GenerationTargetToDatabase.accept(GenerationTargetToDatabase.java:54)
	... 19 common frames omitted
[2020-06-25T13:14:08.008Z] [org.hibernate.tool.schema.internal.ExceptionHandlerLoggedImpl] [task-1] [27] [WARN ] GenerationTarget encountered exception accepting command : Error executing DDL "alter table feature_value_car_service drop foreign key FKhv45imk35d71xih459et0x892" via JDBC Statement
org.hibernate.tool.schema.spi.CommandAcceptanceException: Error executing DDL "alter table feature_value_car_service drop foreign key FKhv45imk35d71xih459et0x892" via JDBC Statement
	at org.hibernate.tool.schema.internal.exec.GenerationTargetToDatabase.accept(GenerationTargetToDatabase.java:67)
	at org.hibernate.tool.schema.internal.SchemaDropperImpl.applySqlString(SchemaDropperImpl.java:375)
	at org.hibernate.tool.schema.internal.SchemaDropperImpl.applySqlStrings(SchemaDropperImpl.java:359)
	at org.hibernate.tool.schema.internal.SchemaDropperImpl.applyConstraintDropping(SchemaDropperImpl.java:331)
	at org.hibernate.tool.schema.internal.SchemaDropperImpl.dropFromMetadata(SchemaDropperImpl.java:230)
	at org.hibernate.tool.schema.internal.SchemaDropperImpl.performDrop(SchemaDropperImpl.java:154)
	at org.hibernate.tool.schema.internal.SchemaDropperImpl.doDrop(SchemaDropperImpl.java:126)
	at org.hibernate.tool.schema.internal.SchemaDropperImpl.doDrop(SchemaDropperImpl.java:112)
	at org.hibernate.tool.schema.spi.SchemaManagementToolCoordinator.performDatabaseAction(SchemaManagementToolCoordinator.java:145)
	at org.hibernate.tool.schema.spi.SchemaManagementToolCoordinator.process(SchemaManagementToolCoordinator.java:73)
	at org.hibernate.internal.SessionFactoryImpl.<init>(SessionFactoryImpl.java:314)
	at org.hibernate.boot.internal.SessionFactoryBuilderImpl.build(SessionFactoryBuilderImpl.java:468)
	at org.hibernate.jpa.boot.internal.EntityManagerFactoryBuilderImpl.build(EntityManagerFactoryBuilderImpl.java:1249)
	at org.springframework.orm.jpa.vendor.SpringHibernateJpaPersistenceProvider.createContainerEntityManagerFactory(SpringHibernateJpaPersistenceProvider.java:58)
	at org.springframework.orm.jpa.LocalContainerEntityManagerFactoryBean.createNativeEntityManagerFactory(LocalContainerEntityManagerFactoryBean.java:365)
	at org.springframework.orm.jpa.AbstractEntityManagerFactoryBean.buildNativeEntityManagerFactory(AbstractEntityManagerFactoryBean.java:391)
	at java.base/java.util.concurrent.FutureTask.run(FutureTask.java:264)
	at java.base/java.util.concurrent.ThreadPoolExecutor.runWorker(ThreadPoolExecutor.java:1128)
	at java.base/java.util.concurrent.ThreadPoolExecutor$Worker.run(ThreadPoolExecutor.java:628)
	at java.base/java.lang.Thread.run(Thread.java:830)
Caused by: java.sql.SQLSyntaxErrorException: Table 'users.feature_value_car_service' doesn't exist
	at com.mysql.cj.jdbc.exceptions.SQLError.createSQLException(SQLError.java:120)
	at com.mysql.cj.jdbc.exceptions.SQLError.createSQLException(SQLError.java:97)
	at com.mysql.cj.jdbc.exceptions.SQLExceptionsMapping.translateException(SQLExceptionsMapping.java:122)
	at com.mysql.cj.jdbc.StatementImpl.executeInternal(StatementImpl.java:764)
	at com.mysql.cj.jdbc.StatementImpl.execute(StatementImpl.java:648)
	at com.zaxxer.hikari.pool.ProxyStatement.execute(ProxyStatement.java:95)
	at com.zaxxer.hikari.pool.HikariProxyStatement.execute(HikariProxyStatement.java)
	at org.hibernate.tool.schema.internal.exec.GenerationTargetToDatabase.accept(GenerationTargetToDatabase.java:54)
	... 19 common frames omitted
[2020-06-25T13:14:08.008Z] [org.hibernate.tool.schema.internal.ExceptionHandlerLoggedImpl] [task-1] [27] [WARN ] GenerationTarget encountered exception accepting command : Error executing DDL "alter table image_car_service drop foreign key FKovq89yhsf73tmkpvbo0kgvqik" via JDBC Statement
org.hibernate.tool.schema.spi.CommandAcceptanceException: Error executing DDL "alter table image_car_service drop foreign key FKovq89yhsf73tmkpvbo0kgvqik" via JDBC Statement
	at org.hibernate.tool.schema.internal.exec.GenerationTargetToDatabase.accept(GenerationTargetToDatabase.java:67)
	at org.hibernate.tool.schema.internal.SchemaDropperImpl.applySqlString(SchemaDropperImpl.java:375)
	at org.hibernate.tool.schema.internal.SchemaDropperImpl.applySqlStrings(SchemaDropperImpl.java:359)
	at org.hibernate.tool.schema.internal.SchemaDropperImpl.applyConstraintDropping(SchemaDropperImpl.java:331)
	at org.hibernate.tool.schema.internal.SchemaDropperImpl.dropFromMetadata(SchemaDropperImpl.java:230)
	at org.hibernate.tool.schema.internal.SchemaDropperImpl.performDrop(SchemaDropperImpl.java:154)
	at org.hibernate.tool.schema.internal.SchemaDropperImpl.doDrop(SchemaDropperImpl.java:126)
	at org.hibernate.tool.schema.internal.SchemaDropperImpl.doDrop(SchemaDropperImpl.java:112)
	at org.hibernate.tool.schema.spi.SchemaManagementToolCoordinator.performDatabaseAction(SchemaManagementToolCoordinator.java:145)
	at org.hibernate.tool.schema.spi.SchemaManagementToolCoordinator.process(SchemaManagementToolCoordinator.java:73)
	at org.hibernate.internal.SessionFactoryImpl.<init>(SessionFactoryImpl.java:314)
	at org.hibernate.boot.internal.SessionFactoryBuilderImpl.build(SessionFactoryBuilderImpl.java:468)
	at org.hibernate.jpa.boot.internal.EntityManagerFactoryBuilderImpl.build(EntityManagerFactoryBuilderImpl.java:1249)
	at org.springframework.orm.jpa.vendor.SpringHibernateJpaPersistenceProvider.createContainerEntityManagerFactory(SpringHibernateJpaPersistenceProvider.java:58)
	at org.springframework.orm.jpa.LocalContainerEntityManagerFactoryBean.createNativeEntityManagerFactory(LocalContainerEntityManagerFactoryBean.java:365)
	at org.springframework.orm.jpa.AbstractEntityManagerFactoryBean.buildNativeEntityManagerFactory(AbstractEntityManagerFactoryBean.java:391)
	at java.base/java.util.concurrent.FutureTask.run(FutureTask.java:264)
	at java.base/java.util.concurrent.ThreadPoolExecutor.runWorker(ThreadPoolExecutor.java:1128)
	at java.base/java.util.concurrent.ThreadPoolExecutor$Worker.run(ThreadPoolExecutor.java:628)
	at java.base/java.lang.Thread.run(Thread.java:830)
Caused by: java.sql.SQLSyntaxErrorException: Table 'users.image_car_service' doesn't exist
	at com.mysql.cj.jdbc.exceptions.SQLError.createSQLException(SQLError.java:120)
	at com.mysql.cj.jdbc.exceptions.SQLError.createSQLException(SQLError.java:97)
	at com.mysql.cj.jdbc.exceptions.SQLExceptionsMapping.translateException(SQLExceptionsMapping.java:122)
	at com.mysql.cj.jdbc.StatementImpl.executeInternal(StatementImpl.java:764)
	at com.mysql.cj.jdbc.StatementImpl.execute(StatementImpl.java:648)
	at com.zaxxer.hikari.pool.ProxyStatement.execute(ProxyStatement.java:95)
	at com.zaxxer.hikari.pool.HikariProxyStatement.execute(HikariProxyStatement.java)
	at org.hibernate.tool.schema.internal.exec.GenerationTargetToDatabase.accept(GenerationTargetToDatabase.java:54)
	... 19 common frames omitted
[2020-06-25T13:14:08.008Z] [org.hibernate.tool.schema.internal.ExceptionHandlerLoggedImpl] [task-1] [27] [WARN ] GenerationTarget encountered exception accepting command : Error executing DDL "alter table model_car_service drop foreign key FK1ue3u84c48wtusr89q8e5lf7p" via JDBC Statement
org.hibernate.tool.schema.spi.CommandAcceptanceException: Error executing DDL "alter table model_car_service drop foreign key FK1ue3u84c48wtusr89q8e5lf7p" via JDBC Statement
	at org.hibernate.tool.schema.internal.exec.GenerationTargetToDatabase.accept(GenerationTargetToDatabase.java:67)
	at org.hibernate.tool.schema.internal.SchemaDropperImpl.applySqlString(SchemaDropperImpl.java:375)
	at org.hibernate.tool.schema.internal.SchemaDropperImpl.applySqlStrings(SchemaDropperImpl.java:359)
	at org.hibernate.tool.schema.internal.SchemaDropperImpl.applyConstraintDropping(SchemaDropperImpl.java:331)
	at org.hibernate.tool.schema.internal.SchemaDropperImpl.dropFromMetadata(SchemaDropperImpl.java:230)
	at org.hibernate.tool.schema.internal.SchemaDropperImpl.performDrop(SchemaDropperImpl.java:154)
	at org.hibernate.tool.schema.internal.SchemaDropperImpl.doDrop(SchemaDropperImpl.java:126)
	at org.hibernate.tool.schema.internal.SchemaDropperImpl.doDrop(SchemaDropperImpl.java:112)
	at org.hibernate.tool.schema.spi.SchemaManagementToolCoordinator.performDatabaseAction(SchemaManagementToolCoordinator.java:145)
	at org.hibernate.tool.schema.spi.SchemaManagementToolCoordinator.process(SchemaManagementToolCoordinator.java:73)
	at org.hibernate.internal.SessionFactoryImpl.<init>(SessionFactoryImpl.java:314)
	at org.hibernate.boot.internal.SessionFactoryBuilderImpl.build(SessionFactoryBuilderImpl.java:468)
	at org.hibernate.jpa.boot.internal.EntityManagerFactoryBuilderImpl.build(EntityManagerFactoryBuilderImpl.java:1249)
	at org.springframework.orm.jpa.vendor.SpringHibernateJpaPersistenceProvider.createContainerEntityManagerFactory(SpringHibernateJpaPersistenceProvider.java:58)
	at org.springframework.orm.jpa.LocalContainerEntityManagerFactoryBean.createNativeEntityManagerFactory(LocalContainerEntityManagerFactoryBean.java:365)
	at org.springframework.orm.jpa.AbstractEntityManagerFactoryBean.buildNativeEntityManagerFactory(AbstractEntityManagerFactoryBean.java:391)
	at java.base/java.util.concurrent.FutureTask.run(FutureTask.java:264)
	at java.base/java.util.concurrent.ThreadPoolExecutor.runWorker(ThreadPoolExecutor.java:1128)
	at java.base/java.util.concurrent.ThreadPoolExecutor$Worker.run(ThreadPoolExecutor.java:628)
	at java.base/java.lang.Thread.run(Thread.java:830)
Caused by: java.sql.SQLSyntaxErrorException: Table 'users.model_car_service' doesn't exist
	at com.mysql.cj.jdbc.exceptions.SQLError.createSQLException(SQLError.java:120)
	at com.mysql.cj.jdbc.exceptions.SQLError.createSQLException(SQLError.java:97)
	at com.mysql.cj.jdbc.exceptions.SQLExceptionsMapping.translateException(SQLExceptionsMapping.java:122)
	at com.mysql.cj.jdbc.StatementImpl.executeInternal(StatementImpl.java:764)
	at com.mysql.cj.jdbc.StatementImpl.execute(StatementImpl.java:648)
	at com.zaxxer.hikari.pool.ProxyStatement.execute(ProxyStatement.java:95)
	at com.zaxxer.hikari.pool.HikariProxyStatement.execute(HikariProxyStatement.java)
	at org.hibernate.tool.schema.internal.exec.GenerationTargetToDatabase.accept(GenerationTargetToDatabase.java:54)
	... 19 common frames omitted
[2020-06-25T13:14:08.008Z] [org.hibernate.tool.schema.internal.ExceptionHandlerLoggedImpl] [task-1] [27] [WARN ] GenerationTarget encountered exception accepting command : Error executing DDL "alter table price_car_service drop foreign key FK19yaolcglomyny7m75jtxhch6" via JDBC Statement
org.hibernate.tool.schema.spi.CommandAcceptanceException: Error executing DDL "alter table price_car_service drop foreign key FK19yaolcglomyny7m75jtxhch6" via JDBC Statement
	at org.hibernate.tool.schema.internal.exec.GenerationTargetToDatabase.accept(GenerationTargetToDatabase.java:67)
	at org.hibernate.tool.schema.internal.SchemaDropperImpl.applySqlString(SchemaDropperImpl.java:375)
	at org.hibernate.tool.schema.internal.SchemaDropperImpl.applySqlStrings(SchemaDropperImpl.java:359)
	at org.hibernate.tool.schema.internal.SchemaDropperImpl.applyConstraintDropping(SchemaDropperImpl.java:331)
	at org.hibernate.tool.schema.internal.SchemaDropperImpl.dropFromMetadata(SchemaDropperImpl.java:230)
	at org.hibernate.tool.schema.internal.SchemaDropperImpl.performDrop(SchemaDropperImpl.java:154)
	at org.hibernate.tool.schema.internal.SchemaDropperImpl.doDrop(SchemaDropperImpl.java:126)
	at org.hibernate.tool.schema.internal.SchemaDropperImpl.doDrop(SchemaDropperImpl.java:112)
	at org.hibernate.tool.schema.spi.SchemaManagementToolCoordinator.performDatabaseAction(SchemaManagementToolCoordinator.java:145)
	at org.hibernate.tool.schema.spi.SchemaManagementToolCoordinator.process(SchemaManagementToolCoordinator.java:73)
	at org.hibernate.internal.SessionFactoryImpl.<init>(SessionFactoryImpl.java:314)
	at org.hibernate.boot.internal.SessionFactoryBuilderImpl.build(SessionFactoryBuilderImpl.java:468)
	at org.hibernate.jpa.boot.internal.EntityManagerFactoryBuilderImpl.build(EntityManagerFactoryBuilderImpl.java:1249)
	at org.springframework.orm.jpa.vendor.SpringHibernateJpaPersistenceProvider.createContainerEntityManagerFactory(SpringHibernateJpaPersistenceProvider.java:58)
	at org.springframework.orm.jpa.LocalContainerEntityManagerFactoryBean.createNativeEntityManagerFactory(LocalContainerEntityManagerFactoryBean.java:365)
	at org.springframework.orm.jpa.AbstractEntityManagerFactoryBean.buildNativeEntityManagerFactory(AbstractEntityManagerFactoryBean.java:391)
	at java.base/java.util.concurrent.FutureTask.run(FutureTask.java:264)
	at java.base/java.util.concurrent.ThreadPoolExecutor.runWorker(ThreadPoolExecutor.java:1128)
	at java.base/java.util.concurrent.ThreadPoolExecutor$Worker.run(ThreadPoolExecutor.java:628)
	at java.base/java.lang.Thread.run(Thread.java:830)
Caused by: java.sql.SQLSyntaxErrorException: Table 'users.price_car_service' doesn't exist
	at com.mysql.cj.jdbc.exceptions.SQLError.createSQLException(SQLError.java:120)
	at com.mysql.cj.jdbc.exceptions.SQLError.createSQLException(SQLError.java:97)
	at com.mysql.cj.jdbc.exceptions.SQLExceptionsMapping.translateException(SQLExceptionsMapping.java:122)
	at com.mysql.cj.jdbc.StatementImpl.executeInternal(StatementImpl.java:764)
	at com.mysql.cj.jdbc.StatementImpl.execute(StatementImpl.java:648)
	at com.zaxxer.hikari.pool.ProxyStatement.execute(ProxyStatement.java:95)
	at com.zaxxer.hikari.pool.HikariProxyStatement.execute(HikariProxyStatement.java)
	at org.hibernate.tool.schema.internal.exec.GenerationTargetToDatabase.accept(GenerationTargetToDatabase.java:54)
	... 19 common frames omitted
[2020-06-25T13:14:08.008Z] [org.hibernate.tool.schema.internal.ExceptionHandlerLoggedImpl] [task-1] [27] [WARN ] GenerationTarget encountered exception accepting command : Error executing DDL "alter table price_car_service drop foreign key FKbl4qk2g4sjst67crv6wlyodvm" via JDBC Statement
org.hibernate.tool.schema.spi.CommandAcceptanceException: Error executing DDL "alter table price_car_service drop foreign key FKbl4qk2g4sjst67crv6wlyodvm" via JDBC Statement
	at org.hibernate.tool.schema.internal.exec.GenerationTargetToDatabase.accept(GenerationTargetToDatabase.java:67)
	at org.hibernate.tool.schema.internal.SchemaDropperImpl.applySqlString(SchemaDropperImpl.java:375)
	at org.hibernate.tool.schema.internal.SchemaDropperImpl.applySqlStrings(SchemaDropperImpl.java:359)
	at org.hibernate.tool.schema.internal.SchemaDropperImpl.applyConstraintDropping(SchemaDropperImpl.java:331)
	at org.hibernate.tool.schema.internal.SchemaDropperImpl.dropFromMetadata(SchemaDropperImpl.java:230)
	at org.hibernate.tool.schema.internal.SchemaDropperImpl.performDrop(SchemaDropperImpl.java:154)
	at org.hibernate.tool.schema.internal.SchemaDropperImpl.doDrop(SchemaDropperImpl.java:126)
	at org.hibernate.tool.schema.internal.SchemaDropperImpl.doDrop(SchemaDropperImpl.java:112)
	at org.hibernate.tool.schema.spi.SchemaManagementToolCoordinator.performDatabaseAction(SchemaManagementToolCoordinator.java:145)
	at org.hibernate.tool.schema.spi.SchemaManagementToolCoordinator.process(SchemaManagementToolCoordinator.java:73)
	at org.hibernate.internal.SessionFactoryImpl.<init>(SessionFactoryImpl.java:314)
	at org.hibernate.boot.internal.SessionFactoryBuilderImpl.build(SessionFactoryBuilderImpl.java:468)
	at org.hibernate.jpa.boot.internal.EntityManagerFactoryBuilderImpl.build(EntityManagerFactoryBuilderImpl.java:1249)
	at org.springframework.orm.jpa.vendor.SpringHibernateJpaPersistenceProvider.createContainerEntityManagerFactory(SpringHibernateJpaPersistenceProvider.java:58)
	at org.springframework.orm.jpa.LocalContainerEntityManagerFactoryBean.createNativeEntityManagerFactory(LocalContainerEntityManagerFactoryBean.java:365)
	at org.springframework.orm.jpa.AbstractEntityManagerFactoryBean.buildNativeEntityManagerFactory(AbstractEntityManagerFactoryBean.java:391)
	at java.base/java.util.concurrent.FutureTask.run(FutureTask.java:264)
	at java.base/java.util.concurrent.ThreadPoolExecutor.runWorker(ThreadPoolExecutor.java:1128)
	at java.base/java.util.concurrent.ThreadPoolExecutor$Worker.run(ThreadPoolExecutor.java:628)
	at java.base/java.lang.Thread.run(Thread.java:830)
Caused by: java.sql.SQLSyntaxErrorException: Table 'users.price_car_service' doesn't exist
	at com.mysql.cj.jdbc.exceptions.SQLError.createSQLException(SQLError.java:120)
	at com.mysql.cj.jdbc.exceptions.SQLError.createSQLException(SQLError.java:97)
	at com.mysql.cj.jdbc.exceptions.SQLExceptionsMapping.translateException(SQLExceptionsMapping.java:122)
	at com.mysql.cj.jdbc.StatementImpl.executeInternal(StatementImpl.java:764)
	at com.mysql.cj.jdbc.StatementImpl.execute(StatementImpl.java:648)
	at com.zaxxer.hikari.pool.ProxyStatement.execute(ProxyStatement.java:95)
	at com.zaxxer.hikari.pool.HikariProxyStatement.execute(HikariProxyStatement.java)
	at org.hibernate.tool.schema.internal.exec.GenerationTargetToDatabase.accept(GenerationTargetToDatabase.java:54)
	... 19 common frames omitted
[2020-06-25T13:14:08.008Z] [org.hibernate.tool.schema.internal.ExceptionHandlerLoggedImpl] [task-1] [27] [WARN ] GenerationTarget encountered exception accepting command : Error executing DDL "alter table vehicle_car_service drop foreign key FKng6i1ai1p67do7hs0jir6apqd" via JDBC Statement
org.hibernate.tool.schema.spi.CommandAcceptanceException: Error executing DDL "alter table vehicle_car_service drop foreign key FKng6i1ai1p67do7hs0jir6apqd" via JDBC Statement
	at org.hibernate.tool.schema.internal.exec.GenerationTargetToDatabase.accept(GenerationTargetToDatabase.java:67)
	at org.hibernate.tool.schema.internal.SchemaDropperImpl.applySqlString(SchemaDropperImpl.java:375)
	at org.hibernate.tool.schema.internal.SchemaDropperImpl.applySqlStrings(SchemaDropperImpl.java:359)
	at org.hibernate.tool.schema.internal.SchemaDropperImpl.applyConstraintDropping(SchemaDropperImpl.java:331)
	at org.hibernate.tool.schema.internal.SchemaDropperImpl.dropFromMetadata(SchemaDropperImpl.java:230)
	at org.hibernate.tool.schema.internal.SchemaDropperImpl.performDrop(SchemaDropperImpl.java:154)
	at org.hibernate.tool.schema.internal.SchemaDropperImpl.doDrop(SchemaDropperImpl.java:126)
	at org.hibernate.tool.schema.internal.SchemaDropperImpl.doDrop(SchemaDropperImpl.java:112)
	at org.hibernate.tool.schema.spi.SchemaManagementToolCoordinator.performDatabaseAction(SchemaManagementToolCoordinator.java:145)
	at org.hibernate.tool.schema.spi.SchemaManagementToolCoordinator.process(SchemaManagementToolCoordinator.java:73)
	at org.hibernate.internal.SessionFactoryImpl.<init>(SessionFactoryImpl.java:314)
	at org.hibernate.boot.internal.SessionFactoryBuilderImpl.build(SessionFactoryBuilderImpl.java:468)
	at org.hibernate.jpa.boot.internal.EntityManagerFactoryBuilderImpl.build(EntityManagerFactoryBuilderImpl.java:1249)
	at org.springframework.orm.jpa.vendor.SpringHibernateJpaPersistenceProvider.createContainerEntityManagerFactory(SpringHibernateJpaPersistenceProvider.java:58)
	at org.springframework.orm.jpa.LocalContainerEntityManagerFactoryBean.createNativeEntityManagerFactory(LocalContainerEntityManagerFactoryBean.java:365)
	at org.springframework.orm.jpa.AbstractEntityManagerFactoryBean.buildNativeEntityManagerFactory(AbstractEntityManagerFactoryBean.java:391)
	at java.base/java.util.concurrent.FutureTask.run(FutureTask.java:264)
	at java.base/java.util.concurrent.ThreadPoolExecutor.runWorker(ThreadPoolExecutor.java:1128)
	at java.base/java.util.concurrent.ThreadPoolExecutor$Worker.run(ThreadPoolExecutor.java:628)
	at java.base/java.lang.Thread.run(Thread.java:830)
Caused by: java.sql.SQLSyntaxErrorException: Table 'users.vehicle_car_service' doesn't exist
	at com.mysql.cj.jdbc.exceptions.SQLError.createSQLException(SQLError.java:120)
	at com.mysql.cj.jdbc.exceptions.SQLError.createSQLException(SQLError.java:97)
	at com.mysql.cj.jdbc.exceptions.SQLExceptionsMapping.translateException(SQLExceptionsMapping.java:122)
	at com.mysql.cj.jdbc.StatementImpl.executeInternal(StatementImpl.java:764)
	at com.mysql.cj.jdbc.StatementImpl.execute(StatementImpl.java:648)
	at com.zaxxer.hikari.pool.ProxyStatement.execute(ProxyStatement.java:95)
	at com.zaxxer.hikari.pool.HikariProxyStatement.execute(HikariProxyStatement.java)
	at org.hibernate.tool.schema.internal.exec.GenerationTargetToDatabase.accept(GenerationTargetToDatabase.java:54)
	... 19 common frames omitted
[2020-06-25T13:14:08.008Z] [org.hibernate.tool.schema.internal.ExceptionHandlerLoggedImpl] [task-1] [27] [WARN ] GenerationTarget encountered exception accepting command : Error executing DDL "alter table vehicle_car_service drop foreign key FK3k29qtqrkn94kabnm8xopswdr" via JDBC Statement
org.hibernate.tool.schema.spi.CommandAcceptanceException: Error executing DDL "alter table vehicle_car_service drop foreign key FK3k29qtqrkn94kabnm8xopswdr" via JDBC Statement
	at org.hibernate.tool.schema.internal.exec.GenerationTargetToDatabase.accept(GenerationTargetToDatabase.java:67)
	at org.hibernate.tool.schema.internal.SchemaDropperImpl.applySqlString(SchemaDropperImpl.java:375)
	at org.hibernate.tool.schema.internal.SchemaDropperImpl.applySqlStrings(SchemaDropperImpl.java:359)
	at org.hibernate.tool.schema.internal.SchemaDropperImpl.applyConstraintDropping(SchemaDropperImpl.java:331)
	at org.hibernate.tool.schema.internal.SchemaDropperImpl.dropFromMetadata(SchemaDropperImpl.java:230)
	at org.hibernate.tool.schema.internal.SchemaDropperImpl.performDrop(SchemaDropperImpl.java:154)
	at org.hibernate.tool.schema.internal.SchemaDropperImpl.doDrop(SchemaDropperImpl.java:126)
	at org.hibernate.tool.schema.internal.SchemaDropperImpl.doDrop(SchemaDropperImpl.java:112)
	at org.hibernate.tool.schema.spi.SchemaManagementToolCoordinator.performDatabaseAction(SchemaManagementToolCoordinator.java:145)
	at org.hibernate.tool.schema.spi.SchemaManagementToolCoordinator.process(SchemaManagementToolCoordinator.java:73)
	at org.hibernate.internal.SessionFactoryImpl.<init>(SessionFactoryImpl.java:314)
	at org.hibernate.boot.internal.SessionFactoryBuilderImpl.build(SessionFactoryBuilderImpl.java:468)
	at org.hibernate.jpa.boot.internal.EntityManagerFactoryBuilderImpl.build(EntityManagerFactoryBuilderImpl.java:1249)
	at org.springframework.orm.jpa.vendor.SpringHibernateJpaPersistenceProvider.createContainerEntityManagerFactory(SpringHibernateJpaPersistenceProvider.java:58)
	at org.springframework.orm.jpa.LocalContainerEntityManagerFactoryBean.createNativeEntityManagerFactory(LocalContainerEntityManagerFactoryBean.java:365)
	at org.springframework.orm.jpa.AbstractEntityManagerFactoryBean.buildNativeEntityManagerFactory(AbstractEntityManagerFactoryBean.java:391)
	at java.base/java.util.concurrent.FutureTask.run(FutureTask.java:264)
	at java.base/java.util.concurrent.ThreadPoolExecutor.runWorker(ThreadPoolExecutor.java:1128)
	at java.base/java.util.concurrent.ThreadPoolExecutor$Worker.run(ThreadPoolExecutor.java:628)
	at java.base/java.lang.Thread.run(Thread.java:830)
Caused by: java.sql.SQLSyntaxErrorException: Table 'users.vehicle_car_service' doesn't exist
	at com.mysql.cj.jdbc.exceptions.SQLError.createSQLException(SQLError.java:120)
	at com.mysql.cj.jdbc.exceptions.SQLError.createSQLException(SQLError.java:97)
	at com.mysql.cj.jdbc.exceptions.SQLExceptionsMapping.translateException(SQLExceptionsMapping.java:122)
	at com.mysql.cj.jdbc.StatementImpl.executeInternal(StatementImpl.java:764)
	at com.mysql.cj.jdbc.StatementImpl.execute(StatementImpl.java:648)
	at com.zaxxer.hikari.pool.ProxyStatement.execute(ProxyStatement.java:95)
	at com.zaxxer.hikari.pool.HikariProxyStatement.execute(HikariProxyStatement.java)
	at org.hibernate.tool.schema.internal.exec.GenerationTargetToDatabase.accept(GenerationTargetToDatabase.java:54)
	... 19 common frames omitted
[2020-06-25T13:14:08.008Z] [org.hibernate.tool.schema.internal.ExceptionHandlerLoggedImpl] [task-1] [27] [WARN ] GenerationTarget encountered exception accepting command : Error executing DDL "alter table vehicle_features_car_service drop foreign key FKm45be0ramxvrcbbncyqy9atjo" via JDBC Statement
org.hibernate.tool.schema.spi.CommandAcceptanceException: Error executing DDL "alter table vehicle_features_car_service drop foreign key FKm45be0ramxvrcbbncyqy9atjo" via JDBC Statement
	at org.hibernate.tool.schema.internal.exec.GenerationTargetToDatabase.accept(GenerationTargetToDatabase.java:67)
	at org.hibernate.tool.schema.internal.SchemaDropperImpl.applySqlString(SchemaDropperImpl.java:375)
	at org.hibernate.tool.schema.internal.SchemaDropperImpl.applySqlStrings(SchemaDropperImpl.java:359)
	at org.hibernate.tool.schema.internal.SchemaDropperImpl.applyConstraintDropping(SchemaDropperImpl.java:331)
	at org.hibernate.tool.schema.internal.SchemaDropperImpl.dropFromMetadata(SchemaDropperImpl.java:230)
	at org.hibernate.tool.schema.internal.SchemaDropperImpl.performDrop(SchemaDropperImpl.java:154)
	at org.hibernate.tool.schema.internal.SchemaDropperImpl.doDrop(SchemaDropperImpl.java:126)
	at org.hibernate.tool.schema.internal.SchemaDropperImpl.doDrop(SchemaDropperImpl.java:112)
	at org.hibernate.tool.schema.spi.SchemaManagementToolCoordinator.performDatabaseAction(SchemaManagementToolCoordinator.java:145)
	at org.hibernate.tool.schema.spi.SchemaManagementToolCoordinator.process(SchemaManagementToolCoordinator.java:73)
	at org.hibernate.internal.SessionFactoryImpl.<init>(SessionFactoryImpl.java:314)
	at org.hibernate.boot.internal.SessionFactoryBuilderImpl.build(SessionFactoryBuilderImpl.java:468)
	at org.hibernate.jpa.boot.internal.EntityManagerFactoryBuilderImpl.build(EntityManagerFactoryBuilderImpl.java:1249)
	at org.springframework.orm.jpa.vendor.SpringHibernateJpaPersistenceProvider.createContainerEntityManagerFactory(SpringHibernateJpaPersistenceProvider.java:58)
	at org.springframework.orm.jpa.LocalContainerEntityManagerFactoryBean.createNativeEntityManagerFactory(LocalContainerEntityManagerFactoryBean.java:365)
	at org.springframework.orm.jpa.AbstractEntityManagerFactoryBean.buildNativeEntityManagerFactory(AbstractEntityManagerFactoryBean.java:391)
	at java.base/java.util.concurrent.FutureTask.run(FutureTask.java:264)
	at java.base/java.util.concurrent.ThreadPoolExecutor.runWorker(ThreadPoolExecutor.java:1128)
	at java.base/java.util.concurrent.ThreadPoolExecutor$Worker.run(ThreadPoolExecutor.java:628)
	at java.base/java.lang.Thread.run(Thread.java:830)
Caused by: java.sql.SQLSyntaxErrorException: Table 'users.vehicle_features_car_service' doesn't exist
	at com.mysql.cj.jdbc.exceptions.SQLError.createSQLException(SQLError.java:120)
	at com.mysql.cj.jdbc.exceptions.SQLError.createSQLException(SQLError.java:97)
	at com.mysql.cj.jdbc.exceptions.SQLExceptionsMapping.translateException(SQLExceptionsMapping.java:122)
	at com.mysql.cj.jdbc.StatementImpl.executeInternal(StatementImpl.java:764)
	at com.mysql.cj.jdbc.StatementImpl.execute(StatementImpl.java:648)
	at com.zaxxer.hikari.pool.ProxyStatement.execute(ProxyStatement.java:95)
	at com.zaxxer.hikari.pool.HikariProxyStatement.execute(HikariProxyStatement.java)
	at org.hibernate.tool.schema.internal.exec.GenerationTargetToDatabase.accept(GenerationTargetToDatabase.java:54)
	... 19 common frames omitted
[2020-06-25T13:14:08.008Z] [org.hibernate.tool.schema.internal.ExceptionHandlerLoggedImpl] [task-1] [27] [WARN ] GenerationTarget encountered exception accepting command : Error executing DDL "alter table vehicle_features_car_service drop foreign key FKj0n9h1tuxt7u66xmv70kewwar" via JDBC Statement
org.hibernate.tool.schema.spi.CommandAcceptanceException: Error executing DDL "alter table vehicle_features_car_service drop foreign key FKj0n9h1tuxt7u66xmv70kewwar" via JDBC Statement
	at org.hibernate.tool.schema.internal.exec.GenerationTargetToDatabase.accept(GenerationTargetToDatabase.java:67)
	at org.hibernate.tool.schema.internal.SchemaDropperImpl.applySqlString(SchemaDropperImpl.java:375)
	at org.hibernate.tool.schema.internal.SchemaDropperImpl.applySqlStrings(SchemaDropperImpl.java:359)
	at org.hibernate.tool.schema.internal.SchemaDropperImpl.applyConstraintDropping(SchemaDropperImpl.java:331)
	at org.hibernate.tool.schema.internal.SchemaDropperImpl.dropFromMetadata(SchemaDropperImpl.java:230)
	at org.hibernate.tool.schema.internal.SchemaDropperImpl.performDrop(SchemaDropperImpl.java:154)
	at org.hibernate.tool.schema.internal.SchemaDropperImpl.doDrop(SchemaDropperImpl.java:126)
	at org.hibernate.tool.schema.internal.SchemaDropperImpl.doDrop(SchemaDropperImpl.java:112)
	at org.hibernate.tool.schema.spi.SchemaManagementToolCoordinator.performDatabaseAction(SchemaManagementToolCoordinator.java:145)
	at org.hibernate.tool.schema.spi.SchemaManagementToolCoordinator.process(SchemaManagementToolCoordinator.java:73)
	at org.hibernate.internal.SessionFactoryImpl.<init>(SessionFactoryImpl.java:314)
	at org.hibernate.boot.internal.SessionFactoryBuilderImpl.build(SessionFactoryBuilderImpl.java:468)
	at org.hibernate.jpa.boot.internal.EntityManagerFactoryBuilderImpl.build(EntityManagerFactoryBuilderImpl.java:1249)
	at org.springframework.orm.jpa.vendor.SpringHibernateJpaPersistenceProvider.createContainerEntityManagerFactory(SpringHibernateJpaPersistenceProvider.java:58)
	at org.springframework.orm.jpa.LocalContainerEntityManagerFactoryBean.createNativeEntityManagerFactory(LocalContainerEntityManagerFactoryBean.java:365)
	at org.springframework.orm.jpa.AbstractEntityManagerFactoryBean.buildNativeEntityManagerFactory(AbstractEntityManagerFactoryBean.java:391)
	at java.base/java.util.concurrent.FutureTask.run(FutureTask.java:264)
	at java.base/java.util.concurrent.ThreadPoolExecutor.runWorker(ThreadPoolExecutor.java:1128)
	at java.base/java.util.concurrent.ThreadPoolExecutor$Worker.run(ThreadPoolExecutor.java:628)
	at java.base/java.lang.Thread.run(Thread.java:830)
Caused by: java.sql.SQLSyntaxErrorException: Table 'users.vehicle_features_car_service' doesn't exist
	at com.mysql.cj.jdbc.exceptions.SQLError.createSQLException(SQLError.java:120)
	at com.mysql.cj.jdbc.exceptions.SQLError.createSQLException(SQLError.java:97)
	at com.mysql.cj.jdbc.exceptions.SQLExceptionsMapping.translateException(SQLExceptionsMapping.java:122)
	at com.mysql.cj.jdbc.StatementImpl.executeInternal(StatementImpl.java:764)
	at com.mysql.cj.jdbc.StatementImpl.execute(StatementImpl.java:648)
	at com.zaxxer.hikari.pool.ProxyStatement.execute(ProxyStatement.java:95)
	at com.zaxxer.hikari.pool.HikariProxyStatement.execute(HikariProxyStatement.java)
	at org.hibernate.tool.schema.internal.exec.GenerationTargetToDatabase.accept(GenerationTargetToDatabase.java:54)
	... 19 common frames omitted
[2020-06-25T13:14:08.008Z] [org.hibernate.engine.transaction.jta.platform.internal.JtaPlatformInitiator] [task-1] [52] [INFO ] HHH000490: Using JtaPlatform implementation: [org.hibernate.engine.transaction.jta.platform.internal.NoJtaPlatform]
[2020-06-25T13:14:08.008Z] [org.springframework.orm.jpa.AbstractEntityManagerFactoryBean] [task-1] [416] [INFO ] Initialized JPA EntityManagerFactory for persistence unit 'default'
[2020-06-25T13:14:08.008Z] [org.springframework.data.repository.config.DeferredRepositoryInitializationListener] [main] [53] [INFO ] Spring Data repositories initialized!
[2020-06-25T13:14:08.008Z] [org.dozer.DozerBeanMapper] [main] [175] [INFO ] Initializing a new instance of dozer bean mapper.
[2020-06-25T13:14:08.008Z] [org.dozer.DozerBeanMapper] [main] [175] [INFO ] Initializing a new instance of dozer bean mapper.
[2020-06-25T13:14:08.008Z] [org.dozer.DozerBeanMapper] [main] [175] [INFO ] Initializing a new instance of dozer bean mapper.
[2020-06-25T13:14:09.009Z] [org.springframework.security.web.DefaultSecurityFilterChain] [main] [43] [INFO ] Creating filter chain: any request, [org.springframework.security.web.context.request.async.WebAsyncManagerIntegrationFilter@389008d1, org.springframework.security.web.context.SecurityContextPersistenceFilter@4fd37449, org.springframework.security.web.header.HeaderWriterFilter@241d1052, org.springframework.security.web.authentication.logout.LogoutFilter@5bde6148, com.programatori.carservice.security.AuthenticationTokenFilter@1d99ee1b, com.programatori.carservice.security.JwtAuthorizationFilter@718f3088, org.springframework.security.web.savedrequest.RequestCacheAwareFilter@43445fc6, org.springframework.security.web.servletapi.SecurityContextHolderAwareRequestFilter@5950054d, org.springframework.security.web.authentication.AnonymousAuthenticationFilter@11adab6d, org.springframework.security.web.session.SessionManagementFilter@5bb99d1d, org.springframework.security.web.access.ExceptionTranslationFilter@4fedf908, org.springframework.security.web.access.intercept.FilterSecurityInterceptor@42b43a6]
[2020-06-25T13:14:09.009Z] [com.netflix.config.sources.URLConfigurationSource] [main] [121] [WARN ] No URLs will be polled as dynamic configuration sources.
[2020-06-25T13:14:09.009Z] [com.netflix.config.sources.URLConfigurationSource] [main] [122] [INFO ] To enable URLs as dynamic configuration sources, define System property archaius.configurationSource.additionalUrls or make config.properties available on classpath.
[2020-06-25T13:14:09.009Z] [org.springframework.cloud.loadbalancer.config.BlockingLoadBalancerClientAutoConfiguration$BlockingLoadBalancerClientRibbonWarnLogger] [main] [86] [WARN ] You already have RibbonLoadBalancerClient on your classpath. It will be used by default. As Spring Cloud Ribbon is in maintenance mode. We recommend switching to BlockingLoadBalancerClient instead. In order to use it, set the value of `spring.cloud.loadbalancer.ribbon.enabled` to `false` or remove spring-cloud-starter-netflix-ribbon from your project.
[2020-06-25T13:14:09.009Z] [org.springframework.boot.actuate.endpoint.web.EndpointLinksResolver] [main] [58] [INFO ] Exposing 2 endpoint(s) beneath base path '/actuator'
[2020-06-25T13:14:09.009Z] [org.springframework.cloud.netflix.eureka.InstanceInfoFactory] [main] [72] [INFO ] Setting initial instance status as: STARTING
[2020-06-25T13:14:09.009Z] [com.netflix.discovery.DiscoveryClient] [main] [368] [INFO ] Initializing Eureka in region us-east-1
[2020-06-25T13:14:09.009Z] [com.netflix.discovery.provider.DiscoveryJerseyProvider] [main] [70] [INFO ] Using JSON encoding codec LegacyJacksonJson
[2020-06-25T13:14:09.009Z] [com.netflix.discovery.provider.DiscoveryJerseyProvider] [main] [71] [INFO ] Using JSON decoding codec LegacyJacksonJson
[2020-06-25T13:14:09.009Z] [com.netflix.discovery.provider.DiscoveryJerseyProvider] [main] [80] [INFO ] Using XML encoding codec XStreamXml
[2020-06-25T13:14:09.009Z] [com.netflix.discovery.provider.DiscoveryJerseyProvider] [main] [81] [INFO ] Using XML decoding codec XStreamXml
[2020-06-25T13:14:09.009Z] [com.netflix.discovery.shared.resolver.aws.ConfigClusterResolver] [main] [43] [INFO ] Resolving eureka endpoints via configuration
[2020-06-25T13:14:09.009Z] [com.netflix.discovery.DiscoveryClient] [main] [981] [INFO ] Disable delta property : false
[2020-06-25T13:14:09.009Z] [com.netflix.discovery.DiscoveryClient] [main] [982] [INFO ] Single vip registry refresh property : null
[2020-06-25T13:14:09.009Z] [com.netflix.discovery.DiscoveryClient] [main] [983] [INFO ] Force full registry fetch : false
[2020-06-25T13:14:09.009Z] [com.netflix.discovery.DiscoveryClient] [main] [984] [INFO ] Application is null : false
[2020-06-25T13:14:09.009Z] [com.netflix.discovery.DiscoveryClient] [main] [985] [INFO ] Registered Applications size is zero : true
[2020-06-25T13:14:09.009Z] [com.netflix.discovery.DiscoveryClient] [main] [987] [INFO ] Application version is -1: true
[2020-06-25T13:14:09.009Z] [com.netflix.discovery.DiscoveryClient] [main] [1070] [INFO ] Getting all instance registry info from the eureka server
[2020-06-25T13:14:10.010Z] [com.netflix.discovery.DiscoveryClient] [main] [1079] [INFO ] The response status is 200
[2020-06-25T13:14:10.010Z] [com.netflix.discovery.DiscoveryClient] [main] [1294] [INFO ] Starting heartbeat executor: renew interval is: 30
[2020-06-25T13:14:10.010Z] [com.netflix.discovery.InstanceInfoReplicator] [main] [60] [INFO ] InstanceInfoReplicator onDemand update allowed rate per min is 4
[2020-06-25T13:14:10.010Z] [com.netflix.discovery.DiscoveryClient] [main] [468] [INFO ] Discovery Client initialized at timestamp 1593083650134 with initial instances count: 5
[2020-06-25T13:14:10.010Z] [org.springframework.cloud.netflix.eureka.serviceregistry.EurekaServiceRegistry] [main] [41] [INFO ] Registering application VEHICLE with eureka with status UP
[2020-06-25T13:14:10.010Z] [com.netflix.discovery.DiscoveryClient$3] [main] [1330] [INFO ] Saw local status change event StatusChangeEvent [timestamp=1593083650139, current=UP, previous=STARTING]
[2020-06-25T13:14:10.010Z] [com.netflix.discovery.DiscoveryClient] [DiscoveryClient-InstanceInfoReplicator-0] [847] [INFO ] DiscoveryClient_VEHICLE/macbook-pro:vehicle:8082: registering service...
[2020-06-25T13:14:10.010Z] [org.apache.juli.logging.DirectJDKLog] [main] [173] [INFO ] Starting ProtocolHandler ["https-jsse-nio-8082"]
[2020-06-25T13:14:10.010Z] [com.netflix.discovery.DiscoveryClient] [DiscoveryClient-InstanceInfoReplicator-0] [856] [INFO ] DiscoveryClient_VEHICLE/macbook-pro:vehicle:8082 - registration status: 204
[2020-06-25T13:14:10.010Z] [org.springframework.boot.web.embedded.tomcat.TomcatWebServer] [main] [220] [INFO ] Tomcat started on port(s): 8082 (https) with context path ''
[2020-06-25T13:14:10.010Z] [org.springframework.cloud.netflix.eureka.serviceregistry.EurekaAutoServiceRegistration] [main] [145] [INFO ] Updating port to 8082
[2020-06-25T13:14:10.010Z] [org.springframework.data.repository.config.DeferredRepositoryInitializationListener] [main] [49] [INFO ] Triggering deferred initialization of Spring Data repositories…
[2020-06-25T13:14:10.010Z] [org.springframework.data.repository.config.DeferredRepositoryInitializationListener] [main] [53] [INFO ] Spring Data repositories initialized!
[2020-06-25T13:14:10.010Z] [org.springframework.boot.StartupInfoLogger] [main] [61] [INFO ] Started CarServiceApplication in 5.271 seconds (JVM running for 5.843)
[2020-06-25T13:14:10.010Z] [org.apache.juli.logging.DirectJDKLog] [RMI TCP Connection(1)-192.168.1.3] [173] [INFO ] Initializing Spring DispatcherServlet 'dispatcherServlet'
[2020-06-25T13:14:10.010Z] [org.springframework.web.servlet.FrameworkServlet] [RMI TCP Connection(1)-192.168.1.3] [525] [INFO ] Initializing Servlet 'dispatcherServlet'
[2020-06-25T13:14:10.010Z] [org.springframework.web.servlet.FrameworkServlet] [RMI TCP Connection(1)-192.168.1.3] [547] [INFO ] Completed initialization in 8 ms
[2020-06-25T13:19:10.010Z] [com.netflix.discovery.shared.resolver.aws.ConfigClusterResolver] [AsyncResolver-bootstrap-executor-0] [43] [INFO ] Resolving eureka endpoints via configuration
[2020-06-25T13:24:10.010Z] [com.netflix.discovery.shared.resolver.aws.ConfigClusterResolver] [AsyncResolver-bootstrap-executor-0] [43] [INFO ] Resolving eureka endpoints via configuration
[2020-06-25T13:30:48.048Z] [com.zaxxer.hikari.pool.HikariPool$HouseKeeper] [HikariPool-1 housekeeper] [787] [WARN ] HikariPool-1 - Thread starvation or clock leap detected (housekeeper delta=2m40s842ms).
[2020-06-25T13:31:20.020Z] [com.netflix.discovery.shared.resolver.aws.ConfigClusterResolver] [AsyncResolver-bootstrap-executor-0] [43] [INFO ] Resolving eureka endpoints via configuration
[2020-06-25T13:36:20.020Z] [com.netflix.discovery.shared.resolver.aws.ConfigClusterResolver] [AsyncResolver-bootstrap-executor-0] [43] [INFO ] Resolving eureka endpoints via configuration
[2020-06-25T13:41:20.020Z] [com.netflix.discovery.shared.resolver.aws.ConfigClusterResolver] [AsyncResolver-bootstrap-executor-0] [43] [INFO ] Resolving eureka endpoints via configuration
[2020-06-25T13:46:20.020Z] [com.netflix.discovery.shared.resolver.aws.ConfigClusterResolver] [AsyncResolver-bootstrap-executor-0] [43] [INFO ] Resolving eureka endpoints via configuration
[2020-06-25T13:51:20.020Z] [com.netflix.discovery.shared.resolver.aws.ConfigClusterResolver] [AsyncResolver-bootstrap-executor-0] [43] [INFO ] Resolving eureka endpoints via configuration
[2020-06-25T13:56:20.020Z] [com.netflix.discovery.shared.resolver.aws.ConfigClusterResolver] [AsyncResolver-bootstrap-executor-0] [43] [INFO ] Resolving eureka endpoints via configuration
[2020-06-25T14:01:20.020Z] [com.netflix.discovery.shared.resolver.aws.ConfigClusterResolver] [AsyncResolver-bootstrap-executor-0] [43] [INFO ] Resolving eureka endpoints via configuration
[2020-06-25T22:30:05.005Z] [com.zaxxer.hikari.pool.HikariPool$HouseKeeper] [HikariPool-1 housekeeper] [787] [WARN ] HikariPool-1 - Thread starvation or clock leap detected (housekeeper delta=8h28m47s219ms).
